0 info it worked if it ends with ok
1 verbose cli [ 'C:\\Program Files\\nodejs\\node.exe',
1 verbose cli   'C:\\Program Files\\nodejs\\node_modules\\npm\\bin\\npm-cli.js',
1 verbose cli   'publish' ]
2 info using npm@2.14.12
3 info using node@v4.2.4
4 verbose publish [ '.' ]
5 silly cache add args [ '.', null ]
6 verbose cache add spec .
7 silly cache add parsed spec Result {
7 silly cache add   raw: '.',
7 silly cache add   scope: null,
7 silly cache add   name: null,
7 silly cache add   rawSpec: '.',
7 silly cache add   spec: 'C:\\Users\\lxuancheng\\Desktop\\Lai\\Projeto\\cadepacote',
7 silly cache add   type: 'directory' }
8 verbose addLocalDirectory C:\Users\lxuancheng\AppData\Roaming\npm-cache\cadepacote\1.0.5\package.tgz not in flight; packing
9 verbose tar pack [ 'C:\\Users\\lxuancheng\\AppData\\Roaming\\npm-cache\\cadepacote\\1.0.5\\package.tgz',
9 verbose tar pack   'C:\\Users\\lxuancheng\\Desktop\\Lai\\Projeto\\cadepacote' ]
10 verbose tarball C:\Users\lxuancheng\AppData\Roaming\npm-cache\cadepacote\1.0.5\package.tgz
11 verbose folder C:\Users\lxuancheng\Desktop\Lai\Projeto\cadepacote
12 info prepublish cadepacote@1.0.5
13 verbose addLocalTarball adding from inside cache C:\Users\lxuancheng\AppData\Roaming\npm-cache\cadepacote\1.0.5\package.tgz
14 silly cache afterAdd cadepacote@1.0.5
15 verbose afterAdd C:\Users\lxuancheng\AppData\Roaming\npm-cache\cadepacote\1.0.5\package\package.json not in flight; writing
16 verbose afterAdd C:\Users\lxuancheng\AppData\Roaming\npm-cache\cadepacote\1.0.5\package\package.json written
17 silly publish { name: 'cadepacote',
17 silly publish   version: '1.0.5',
17 silly publish   description: 'cadepacote serve para rastrear pacote no correio',
17 silly publish   main: 'bin/cli',
17 silly publish   preferGlobal: true,
17 silly publish   bin: { cadepacote: './bin/cli' },
17 silly publish   dependencies:
17 silly publish    { cheerio: '^0.20.0',
17 silly publish      'cli-table': '^0.3.1',
17 silly publish      colors: '^1.1.2',
17 silly publish      commander: '^2.9.0',
17 silly publish      nightmare: '^2.5.2' },
17 silly publish   devDependencies: {},
17 silly publish   scripts: { test: 'echo "Error: no test specified" && exit 1' },
17 silly publish   repository:
17 silly publish    { type: 'git',
17 silly publish      url: 'git+https://github.com/lai32290/cadepacote.git' },
17 silly publish   keywords: [ 'cli' ],
17 silly publish   author: { name: 'Lai' },
17 silly publish   license: 'MIT',
17 silly publish   bugs: { url: 'https://github.com/lai32290/cadepacote/issues' },
17 silly publish   homepage: 'https://github.com/lai32290/cadepacote#readme',
17 silly publish   readme: 'Languages: [English](README-en.md)  Portuguese\r\n\r\n# Descrição\r\n\r\n`cadepacote` é um pacote de NodeJS, feito para consultar pacote de Correios de uma forma rápida e simples diretamente pelo Terminal.\r\n\r\n# Instalar\r\n\r\nInstale o pacote globalmente:\r\n\r\n```\r\n$ npm install -g cadepacote\r\n```\r\n\r\n# Como Usar\r\n\r\nSintaxe de uso:\r\n\r\n```\r\n$ cadepacote <codigo pacote> [-r] [-v]\r\n```\r\n\r\nEx:\r\n\r\n```\r\n$ cadepacote PJ123456789BR -v\r\n```\r\n\r\n# Parametros\r\n\r\n- `-v` = Verbose\r\n- `-r` = Reverter itens da lista',
17 silly publish   readmeFilename: 'README.md',
17 silly publish   gitHead: '7d5f13129c92226b56ec9a3f65ab851bf1b89741',
17 silly publish   _id: 'cadepacote@1.0.5',
17 silly publish   _shasum: 'b8201618bbe40e247c63b97295cd30a6649e0f2f',
17 silly publish   _from: '.' }
18 verbose getPublishConfig undefined
19 silly mapToRegistry name cadepacote
20 silly mapToRegistry using default registry
21 silly mapToRegistry registry https://registry.npmjs.org/
22 silly mapToRegistry uri https://registry.npmjs.org/cadepacote
23 verbose publish registryBase https://registry.npmjs.org/
24 silly publish uploading C:\Users\lxuancheng\AppData\Roaming\npm-cache\cadepacote\1.0.5\package.tgz
25 verbose request uri https://registry.npmjs.org/cadepacote
26 verbose request sending authorization for write operation
27 info attempt registry request try #1 at 15:36:17
28 verbose request using bearer token for auth
29 verbose request id 7ba3efa28ed5eb53
30 http request PUT https://registry.npmjs.org/cadepacote
31 http 403 https://registry.npmjs.org/cadepacote
32 verbose headers { 'content-type': 'application/json',
32 verbose headers   'cache-control': 'max-age=300',
32 verbose headers   'content-length': '95',
32 verbose headers   'accept-ranges': 'bytes',
32 verbose headers   date: 'Wed, 06 Jul 2016 18:36:40 GMT',
32 verbose headers   via: '1.1 varnish',
32 verbose headers   connection: 'keep-alive',
32 verbose headers   'x-served-by': 'cache-gru7122-GRU',
32 verbose headers   'x-cache': 'MISS',
32 verbose headers   'x-cache-hits': '0',
32 verbose headers   'x-timer': 'S1467830199.872045,VS0,VE821',
32 verbose headers   vary: 'Accept-Encoding' }
33 verbose request invalidating C:\Users\lxuancheng\AppData\Roaming\npm-cache\registry.npmjs.org\cadepacote on PUT
34 error publish Failed PUT 403
35 verbose stack Error: "You cannot publish over the previously published version 1.0.5." : cadepacote
35 verbose stack     at makeError (C:\Program Files\nodejs\node_modules\npm\node_modules\npm-registry-client\lib\request.js:264:12)
35 verbose stack     at CachingRegistryClient.<anonymous> (C:\Program Files\nodejs\node_modules\npm\node_modules\npm-registry-client\lib\request.js:252:14)
35 verbose stack     at Request._callback (C:\Program Files\nodejs\node_modules\npm\node_modules\npm-registry-client\lib\request.js:172:14)
35 verbose stack     at Request.self.callback (C:\Program Files\nodejs\node_modules\npm\node_modules\request\request.js:198:22)
35 verbose stack     at emitTwo (events.js:87:13)
35 verbose stack     at Request.emit (events.js:172:7)
35 verbose stack     at Request.<anonymous> (C:\Program Files\nodejs\node_modules\npm\node_modules\request\request.js:1082:10)
35 verbose stack     at emitOne (events.js:82:20)
35 verbose stack     at Request.emit (events.js:169:7)
35 verbose stack     at IncomingMessage.<anonymous> (C:\Program Files\nodejs\node_modules\npm\node_modules\request\request.js:1009:12)
36 verbose statusCode 403
37 verbose pkgid cadepacote
38 verbose cwd C:\Users\lxuancheng\Desktop\Lai\Projeto\cadepacote
39 error Windows_NT 6.1.7601
40 error argv "C:\\Program Files\\nodejs\\node.exe" "C:\\Program Files\\nodejs\\node_modules\\npm\\bin\\npm-cli.js" "publish"
41 error node v4.2.4
42 error npm  v2.14.12
43 error code E403
44 error "You cannot publish over the previously published version 1.0.5." : cadepacote
45 error If you need help, you may report this error at:
45 error     <https://github.com/npm/npm/issues>
46 verbose exit [ 1, true ]
